<?xml version="1.0" encoding="UTF-8"?>
<!-- Generated by org.testng.reporters.JUnitReportReporter -->
<testsuite hostname="RENLTP2N103" failures="0" tests="5" name="com.employeeapi.testcases.PostCreateEmployee_TC_003" time="0.027" errors="0" timestamp="2022-01-24T19:15:14 IST" skipped="0">
  <testcase classname="com.employeeapi.testcases.PostCreateEmployee_TC_003" name="checkStatusLine" time="0.003"/>
  <system-out/>
  <testcase classname="com.employeeapi.testcases.PostCreateEmployee_TC_003" name="tearDown" time="0.003"/>
  <system-out/>
  <testcase classname="com.employeeapi.testcases.PostCreateEmployee_TC_003" name="checkHeaderType" time="0.013"/>
  <system-out/>
  <testcase classname="com.employeeapi.testcases.PostCreateEmployee_TC_003" name="checkResponseBody" time="0.005"/>
  <system-out/>
  <testcase classname="com.employeeapi.testcases.PostCreateEmployee_TC_003" name="checkStatusCode" time="0.003"/>
  <system-out/>
</testsuite> <!-- com.employeeapi.testcases.PostCreateEmployee_TC_003 -->
